  Source.cpp
c:\users\chris\documents\github\cs-475-operating-systems-simulation\datafiles2\datafiles2\source.cpp(176): warning C4244: 'argument': conversion from 'time_t' to 'unsigned int', possible loss of data
c:\users\chris\documents\github\cs-475-operating-systems-simulation\datafiles2\datafiles2\source.cpp(183): warning C4996: 'sprintf': This function or variable may be unsafe. Consider using sprintf_s instead. To disable deprecation, use _CRT_SECURE_NO_WARNINGS. See online help for details.
  c:\program files (x86)\windows kits\10\include\10.0.10240.0\ucrt\stdio.h(1769): note: see declaration of 'sprintf'
c:\users\chris\documents\github\cs-475-operating-systems-simulation\datafiles2\datafiles2\source.cpp(184): warning C4996: 'fopen': This function or variable may be unsafe. Consider using fopen_s instead. To disable deprecation, use _CRT_SECURE_NO_WARNINGS. See online help for details.
  c:\program files (x86)\windows kits\10\include\10.0.10240.0\ucrt\stdio.h(205): note: see declaration of 'fopen'
c:\users\chris\documents\github\cs-475-operating-systems-simulation\datafiles2\datafiles2\source.cpp(215): warning C4996: 'sprintf': This function or variable may be unsafe. Consider using sprintf_s instead. To disable deprecation, use _CRT_SECURE_NO_WARNINGS. See online help for details.
  c:\program files (x86)\windows kits\10\include\10.0.10240.0\ucrt\stdio.h(1769): note: see declaration of 'sprintf'
c:\users\chris\documents\github\cs-475-operating-systems-simulation\datafiles2\datafiles2\source.cpp(211): warning C4101: 'cNum': unreferenced local variable
c:\users\chris\documents\github\cs-475-operating-systems-simulation\datafiles2\datafiles2\source.cpp(255): warning C4244: '=': conversion from 'double' to 'int', possible loss of data
c:\users\chris\documents\github\cs-475-operating-systems-simulation\datafiles2\datafiles2\source.cpp(307): warning C4267: 'initializing': conversion from 'size_t' to 'int', possible loss of data
c:\users\chris\documents\github\cs-475-operating-systems-simulation\datafiles2\datafiles2\source.cpp(386): warning C4244: '=': conversion from '__int64' to 'int', possible loss of data
c:\users\chris\documents\github\cs-475-operating-systems-simulation\datafiles2\datafiles2\source.cpp(439): warning C4244: 'argument': conversion from '__int64' to 'int', possible loss of data
c:\users\chris\documents\github\cs-475-operating-systems-simulation\datafiles2\datafiles2\source.cpp(457): warning C4996: 'sprintf': This function or variable may be unsafe. Consider using sprintf_s instead. To disable deprecation, use _CRT_SECURE_NO_WARNINGS. See online help for details.
  c:\program files (x86)\windows kits\10\include\10.0.10240.0\ucrt\stdio.h(1769): note: see declaration of 'sprintf'
c:\users\chris\documents\github\cs-475-operating-systems-simulation\datafiles2\datafiles2\source.cpp(458): warning C4996: 'fopen': This function or variable may be unsafe. Consider using fopen_s instead. To disable deprecation, use _CRT_SECURE_NO_WARNINGS. See online help for details.
  c:\program files (x86)\windows kits\10\include\10.0.10240.0\ucrt\stdio.h(205): note: see declaration of 'fopen'
c:\users\chris\documents\github\cs-475-operating-systems-simulation\datafiles2\datafiles2\source.cpp(509): warning C4996: 'sprintf': This function or variable may be unsafe. Consider using sprintf_s instead. To disable deprecation, use _CRT_SECURE_NO_WARNINGS. See online help for details.
  c:\program files (x86)\windows kits\10\include\10.0.10240.0\ucrt\stdio.h(1769): note: see declaration of 'sprintf'
c:\users\chris\documents\github\cs-475-operating-systems-simulation\datafiles2\datafiles2\source.cpp(510): warning C4996: 'fopen': This function or variable may be unsafe. Consider using fopen_s instead. To disable deprecation, use _CRT_SECURE_NO_WARNINGS. See online help for details.
  c:\program files (x86)\windows kits\10\include\10.0.10240.0\ucrt\stdio.h(205): note: see declaration of 'fopen'
c:\users\chris\documents\github\cs-475-operating-systems-simulation\datafiles2\datafiles2\source.cpp(512): warning C4476: 'fprintf' : unknown type field character ',' in format specifier
  DataFiles2.vcxproj -> C:\Users\Chris\Documents\GitHub\CS-475-Operating-Systems-Simulation\DataFiles2\x64\Debug\DataFiles2.exe
